
-----
Test: tests/test_objects.py::test_get_all_objects (call)
Test: 2025-09-18 15:58:47.265944
Request method: GET
Request URL: https://api.restful-api.dev/objects

Response code: 200
Response text: [{"id":"1","name":"Google Pixel 6 Pro","data":{"color":"Cloudy White","capacity":"128 GB"}},{"id":"2","name":"Apple iPhone 12 Mini, 256GB, Blue","data":null},{"id":"3","name":"Apple iPhone 12 Pro Max","data":{"color":"Cloudy White","capacity GB":512}},{"id":"4","name":"Apple iPhone 11, 64GB","data":{"price":389.99,"color":"Purple"}},{"id":"5","name":"Samsung Galaxy Z Fold2","data":{"price":689.99,"color":"Brown"}},{"id":"6","name":"Apple AirPods","data":{"generation":"3rd","price":120}},{"id":"7","name":"Apple MacBook Pro 16","data":{"year":2019,"price":1849.99,"CPU model":"Intel Core i9","Hard disk size":"1 TB"}},{"id":"8","name":"Apple Watch Series 8","data":{"Strap Colour":"Elderberry","Case Size":"41mm"}},{"id":"9","name":"Beats Studio3 Wireless","data":{"Color":"Red","Description":"High-performance wireless noise cancelling headphones"}},{"id":"10","name":"Apple iPad Mini 5th Gen","data":{"Capacity":"64 GB","Screen size":7.9}},{"id":"11","name":"Apple iPad Mini 5th Gen","data":{"Capacity":"254 GB","Screen size":7.9}},{"id":"12","name":"Apple iPad Air","data":{"Generation":"4th","Price":"419.99","Capacity":"64 GB"}},{"id":"13","name":"Apple iPad Air","data":{"Generation":"4th","Price":"519.99","Capacity":"256 GB"}}]
Response headers: {'Date': 'Thu, 18 Sep 2025 12:58:48 GMT', 'Content-Type': 'application/json', 'Transfer-Encoding': 'chunked', 'Connection': 'keep-alive', 'Server': 'cloudflare', 'Nel': '{"report_to":"cf-nel","success_fraction":0.0,"max_age":604800}', 'Vary': 'Origin, Access-Control-Request-Method, Access-Control-Request-Headers', 'cf-cache-status': 'DYNAMIC', 'Report-To': '{"group":"cf-nel","max_age":604800,"endpoints":[{"url":"https://a.nel.cloudflare.com/report/v4?s=yX282w3lXDpSzj4HNE5WA07eELDYCcr54t9IgOCSAJ85votv9FS3j9XLapAAwHEJRwhmQVE%2Ffq4MR63FRaj5FBrvU%2BUkfRfcJRBpQhWcA%2FfqjLM%3D"}]}', 'Content-Encoding': 'gzip', 'CF-RAY': '981104532e00214e-MAD', 'alt-svc': 'h3=":443"; ma=86400'}
Response cookies: {}

-----

-----
Test: tests/test_objects.py::test_add_object[create_object0] (setup)
Test: 2025-09-18 15:58:49.157376
Request method: POST
Request URL: https://api.restful-api.dev/objects

Response code: 200
Response text: {"id":"ff8081819782e69e01995ce7fda1258c","name":"Apple MacBook Pro 16","createdAt":"2025-09-18T12:58:51.681+00:00","data":{"year":2019,"price":1849.99,"CPU model":"Intel Core i9","Hard disk size":"1 TB"}}
Response headers: {'Date': 'Thu, 18 Sep 2025 12:58:51 GMT', 'Content-Type': 'application/json', 'Transfer-Encoding': 'chunked', 'Connection': 'keep-alive', 'Server': 'cloudflare', 'Nel': '{"report_to":"cf-nel","success_fraction":0.0,"max_age":604800}', 'Vary': 'Origin, Access-Control-Request-Method, Access-Control-Request-Headers', 'cf-cache-status': 'DYNAMIC', 'Report-To': '{"group":"cf-nel","max_age":604800,"endpoints":[{"url":"https://a.nel.cloudflare.com/report/v4?s=4w5XUHwrzP0FoEsLu0AaOjKi2EKLscI6hU9Pf4SCQLnwwkJ3j37%2BWoz3xJOr%2FzaZ3ms8N9D1qA54ntnGumdsg%2FO3maDD8UgcezIjoSw35M4%2BGPc%3D"}]}', 'Content-Encoding': 'gzip', 'CF-RAY': '981104683e0766ad-MAD', 'alt-svc': 'h3=":443"; ma=86400'}
Response cookies: {}

-----

-----
Test: tests/test_objects.py::test_add_object[create_object1] (setup)
Test: 2025-09-18 15:58:52.266090
Request method: POST
Request URL: https://api.restful-api.dev/objects

Response code: 200
Response text: {"id":"ff8081819782e69e01995ce8051c258d","name":"Apple iPad Mini 5th Gen","createdAt":"2025-09-18T12:58:53.596+00:00","data":{"Capacity":"254 GB","Screen size":7.9}}
Response headers: {'Date': 'Thu, 18 Sep 2025 12:58:53 GMT', 'Content-Type': 'application/json', 'Transfer-Encoding': 'chunked', 'Connection': 'keep-alive', 'Server': 'cloudflare', 'Nel': '{"report_to":"cf-nel","success_fraction":0.0,"max_age":604800}', 'Vary': 'Origin, Access-Control-Request-Method, Access-Control-Request-Headers', 'cf-cache-status': 'DYNAMIC', 'Report-To': '{"group":"cf-nel","max_age":604800,"endpoints":[{"url":"https://a.nel.cloudflare.com/report/v4?s=kW%2FvMqlVr3FfslTKZL3A1VhktKbWTQLhAKSJ2hHx06mdZM4JGfYyBGlvzN4s3VEADxE6FTyNXqfCgibsHOzp%2ByKZIRdK34zPNFM2uFclHs3z"}]}', 'Content-Encoding': 'gzip', 'CF-RAY': '9811047449c6ec8f-MAD', 'alt-svc': 'h3=":443"; ma=86400'}
Response cookies: {}

-----

-----
Test: tests/test_objects.py::test_add_object[create_object2] (setup)
Test: 2025-09-18 15:58:54.189092
Request method: POST
Request URL: https://api.restful-api.dev/objects

Response code: 200
Response text: {"id":"ff8081819782e69e01995ce80a74258e","name":"Beats Studio3 Wireless","createdAt":"2025-09-18T12:58:54.964+00:00","data":{"Color":"Red","Description":"High-performance wireless noise cancelling headphones"}}
Response headers: {'Date': 'Thu, 18 Sep 2025 12:58:55 GMT', 'Content-Type': 'application/json', 'Transfer-Encoding': 'chunked', 'Connection': 'keep-alive', 'Server': 'cloudflare', 'Nel': '{"report_to":"cf-nel","success_fraction":0.0,"max_age":604800}', 'Vary': 'Origin, Access-Control-Request-Method, Access-Control-Request-Headers', 'cf-cache-status': 'DYNAMIC', 'Report-To': '{"group":"cf-nel","max_age":604800,"endpoints":[{"url":"https://a.nel.cloudflare.com/report/v4?s=Y3QnR5gudYIGQl0nx3kIEhOo2oDuR4006A7J7pVqTjZhOorceX8oOC2LRqifkTUXZqWi89j65PRDpQ6CMoOX0dfi53BJxr6yqnPQK3ylf5FxG%2BQ%3D"}]}', 'Content-Encoding': 'gzip', 'CF-RAY': '9811047cd981314b-MAD', 'alt-svc': 'h3=":443"; ma=86400'}
Response cookies: {}

-----
